<?xml version="1.0" encoding="UTF-8"?>
<!-- Generated by org.testng.reporters.JUnitXMLReporter -->
<testsuite hostname="dell-PC" name="Default test" tests="6" failures="0" timestamp="10 Feb 2014 09:45:03 GMT" time="280.584" errors="0">
  <testcase name="f1" time="8.002" classname="SET.test.Test1Test"/>
  <testcase name="f1" time="5.238" classname="SET.test.Test1Test"/>
  <testcase name="f1" time="9.24" classname="SET.test.Test1Test"/>
  <testcase name="f2" time="21.744" classname="SET.test.Test1Test"/>
  <testcase name="f2" time="62.249" classname="SET.test.Test1Test"/>
  <testcase name="f2" time="31.381" classname="SET.test.Test1Test"/>
</testsuite> <!-- Default test -->
